<?xml version="1.0" encoding="UTF-8"?>
<!-- Generated by org.testng.reporters.JUnitReportReporter -->
<testsuite skipped="0" hostname="Lenovo-PC" name="aqclickacademy.SeleniumTest" tests="2" failures="0" timestamp="2019-08-21T20:40:12 PDT" time="0.022" errors="0">
  <testcase name="BrowserAutomation" time="0.022" classname="aqclickacademy.SeleniumTest"/>
  <testcase name="ElementUi" time="0.000" classname="aqclickacademy.SeleniumTest"/>
</testsuite> <!-- aqclickacademy.SeleniumTest -->
