<?xml version="1.0" encoding="UTF-8"?>
<!-- Generated by org.testng.reporters.JUnitReportReporter -->
<testsuite skipped="0" hostname="Lenovo-PC" name="aqclickacademy.RestApiTest" tests="2" failures="0" timestamp="2019-08-21T20:39:27 PDT" time="0.001" errors="0">
  <testcase name="deleteTwitter" time="0.001" classname="aqclickacademy.RestApiTest"/>
  <testcase name="postJira" time="0.000" classname="aqclickacademy.RestApiTest"/>
</testsuite> <!-- aqclickacademy.RestApiTest -->
