<?xml version="1.0" encoding="UTF-8"?>
<!-- Generated by org.testng.reporters.JUnitReportReporter -->
<testsuite skipped="0" hostname="Lenovo-PC" name="aqclickacademy.AppiumTest" tests="2" failures="0" timestamp="2019-08-21T20:40:12 PDT" time="0.000" errors="0">
  <testcase name="IOSApps" time="0.000" classname="aqclickacademy.AppiumTest"/>
  <testcase name="NativeAPpAndroid" time="0.000" classname="aqclickacademy.AppiumTest"/>
</testsuite> <!-- aqclickacademy.AppiumTest -->
